[${project.name}][${env:SERVER_PORT}] 2019-07-11 16:59:15,528 INFO [main][SpringApplication.java:675] - No active profile set, falling back to default profiles: default
[${project.name}][${env:SERVER_PORT}] 2019-07-11 16:59:16,980 WARN [main][EndpointId.java:135] - Endpoint ID 'service-registry' contains invalid characters, please migrate to a valid format.
[${project.name}][${env:SERVER_PORT}] 2019-07-11 16:59:17,387 INFO [main][GenericScope.java:294] - BeanFactory id=33c68227-122c-36dd-8028-a36de4f592a4
[${project.name}][${env:SERVER_PORT}] 2019-07-11 16:59:17,543 INFO [main][PostProcessorRegistrationDelegate.java:330] - Bean 'org.springframework.cloud.autoconfigure.ConfigurationPropertiesRebinderAutoConfiguration' of type [org.springframework.cloud.autoconfigure.ConfigurationPropertiesRebinderAutoConfiguration$$EnhancerBySpringCGLIB$$ca035577] is not eligible for getting processed by all BeanPostProcessors (for example: not eligible for auto-proxying)
[${project.name}][${env:SERVER_PORT}] 2019-07-11 16:59:18,137 INFO [main][TomcatWebServer.java:90] - Tomcat initialized with port(s): 53000 (http)
[${project.name}][${env:SERVER_PORT}] 2019-07-11 16:59:18,168 INFO [main][DirectJDKLog.java:173] - Initializing ProtocolHandler ["http-nio-53000"]
[${project.name}][${env:SERVER_PORT}] 2019-07-11 16:59:18,184 INFO [main][DirectJDKLog.java:173] - Starting service [Tomcat]
[${project.name}][${env:SERVER_PORT}] 2019-07-11 16:59:18,184 INFO [main][DirectJDKLog.java:173] - Starting Servlet engine: [Apache Tomcat/9.0.16]
[${project.name}][${env:SERVER_PORT}] 2019-07-11 16:59:18,200 INFO [main][DirectJDKLog.java:173] - The APR based Apache Tomcat Native library which allows optimal performance in production environments was not found on the java.library.path: [C:\Program Files\Java\jdk1.8.0_202\bin;C:\Windows\Sun\Java\bin;C:\Windows\system32;C:\Windows;C:\Program Files\Java\jdk1.8.0_202\bin;C:\Program Files (x86)\Common Files\Oracle\Java\javapath;C:\Windows\system32;C:\Windows;C:\Windows\System32\Wbem;C:\Windows\System32\WindowsPowerShell\v1.0\;C:\Program Files\MySQL\MySQL Server 5.5\bin;C:\Users\itheima\AppData\Local\Microsoft\WindowsApps;.]
[${project.name}][${env:SERVER_PORT}] 2019-07-11 16:59:18,387 INFO [main][DirectJDKLog.java:173] - Initializing Spring embedded WebApplicationContext
[${project.name}][${env:SERVER_PORT}] 2019-07-11 16:59:18,387 INFO [main][ServletWebServerApplicationContext.java:296] - Root WebApplicationContext: initialization completed in 2812 ms
[${project.name}][${env:SERVER_PORT}] 2019-07-11 16:59:18,543 WARN [main][URLConfigurationSource.java:121] - No URLs will be polled as dynamic configuration sources.
[${project.name}][${env:SERVER_PORT}] 2019-07-11 16:59:18,543 INFO [main][URLConfigurationSource.java:122] - To enable URLs as dynamic configuration sources, define System property archaius.configurationSource.additionalUrls or make config.properties available on classpath.
[${project.name}][${env:SERVER_PORT}] 2019-07-11 16:59:18,575 INFO [main][DynamicPropertyFactory.java:281] - DynamicPropertyFactory is initialized with configuration sources: com.netflix.config.ConcurrentCompositeConfiguration@1507c3c3
[${project.name}][${env:SERVER_PORT}] 2019-07-11 16:59:19,638 INFO [main][WebApplicationImpl.java:815] - Initiating Jersey application, version 'Jersey: 1.19.1 03/11/2016 02:08 PM'
[${project.name}][${env:SERVER_PORT}] 2019-07-11 16:59:19,762 INFO [main][DiscoveryJerseyProvider.java:70] - Using JSON encoding codec LegacyJacksonJson
[${project.name}][${env:SERVER_PORT}] 2019-07-11 16:59:19,762 INFO [main][DiscoveryJerseyProvider.java:71] - Using JSON decoding codec LegacyJacksonJson
[${project.name}][${env:SERVER_PORT}] 2019-07-11 16:59:19,934 INFO [main][DiscoveryJerseyProvider.java:80] - Using XML encoding codec XStreamXml
[${project.name}][${env:SERVER_PORT}] 2019-07-11 16:59:19,934 INFO [main][DiscoveryJerseyProvider.java:81] - Using XML decoding codec XStreamXml
[${project.name}][${env:SERVER_PORT}] 2019-07-11 16:59:20,575 WARN [main][URLConfigurationSource.java:121] - No URLs will be polled as dynamic configuration sources.
[${project.name}][${env:SERVER_PORT}] 2019-07-11 16:59:20,575 INFO [main][URLConfigurationSource.java:122] - To enable URLs as dynamic configuration sources, define System property archaius.configurationSource.additionalUrls or make config.properties available on classpath.
[${project.name}][${env:SERVER_PORT}] 2019-07-11 16:59:20,855 INFO [main][ExecutorConfigurationSupport.java:171] - Initializing ExecutorService 'applicationTaskExecutor'
[${project.name}][${env:SERVER_PORT}] 2019-07-11 16:59:22,497 INFO [main][InstanceInfoFactory.java:71] - Setting initial instance status as: STARTING
[${project.name}][${env:SERVER_PORT}] 2019-07-11 16:59:22,528 INFO [main][DiscoveryClient.java:349] - Initializing Eureka in region us-east-1
[${project.name}][${env:SERVER_PORT}] 2019-07-11 16:59:22,528 INFO [main][DiscoveryClient.java:352] - Client configured to neither register nor query for data.
[${project.name}][${env:SERVER_PORT}] 2019-07-11 16:59:22,544 INFO [main][DiscoveryClient.java:365] - Discovery Client initialized at timestamp 1562835562544 with initial instances count: 0
[${project.name}][${env:SERVER_PORT}] 2019-07-11 16:59:22,606 INFO [main][DefaultEurekaServerContext.java:63] - Initializing ...
[${project.name}][${env:SERVER_PORT}] 2019-07-11 16:59:22,606 INFO [main][PeerEurekaNodes.java:188] - Adding new peer nodes [http://localhost:53000/eureka/]
[${project.name}][${env:SERVER_PORT}] 2019-07-11 16:59:22,981 INFO [main][DiscoveryJerseyProvider.java:70] - Using JSON encoding codec LegacyJacksonJson
[${project.name}][${env:SERVER_PORT}] 2019-07-11 16:59:22,981 INFO [main][DiscoveryJerseyProvider.java:71] - Using JSON decoding codec LegacyJacksonJson
[${project.name}][${env:SERVER_PORT}] 2019-07-11 16:59:22,996 INFO [main][DiscoveryJerseyProvider.java:80] - Using XML encoding codec XStreamXml
[${project.name}][${env:SERVER_PORT}] 2019-07-11 16:59:22,996 INFO [main][DiscoveryJerseyProvider.java:81] - Using XML decoding codec XStreamXml
[${project.name}][${env:SERVER_PORT}] 2019-07-11 16:59:23,199 INFO [main][PeerEurekaNodes.java:110] - Replica node URL:  http://localhost:53000/eureka/
[${project.name}][${env:SERVER_PORT}] 2019-07-11 16:59:23,215 INFO [main][AbstractInstanceRegistry.java:151] - Finished initializing remote region registries. All known remote regions: []
[${project.name}][${env:SERVER_PORT}] 2019-07-11 16:59:23,215 INFO [main][DefaultEurekaServerContext.java:70] - Initialized
[${project.name}][${env:SERVER_PORT}] 2019-07-11 16:59:23,246 INFO [main][EndpointLinksResolver.java:59] - Exposing 2 endpoint(s) beneath base path '/actuator'
[${project.name}][${env:SERVER_PORT}] 2019-07-11 16:59:23,433 INFO [main][EurekaServiceRegistry.java:42] - Registering application HNRADIO-DISCOVERY with eureka with status UP
[${project.name}][${env:SERVER_PORT}] 2019-07-11 16:59:23,433 INFO [Thread-41][EurekaServerBootstrap.java:109] - Setting the eureka configuration..
[${project.name}][${env:SERVER_PORT}] 2019-07-11 16:59:23,433 INFO [Thread-41][EurekaServerBootstrap.java:114] - Eureka data center value eureka.datacenter is not set, defaulting to default
[${project.name}][${env:SERVER_PORT}] 2019-07-11 16:59:23,433 INFO [Thread-41][EurekaServerBootstrap.java:128] - Eureka environment value eureka.environment is not set, defaulting to test
[${project.name}][${env:SERVER_PORT}] 2019-07-11 16:59:23,480 INFO [main][DirectJDKLog.java:173] - Starting ProtocolHandler ["http-nio-53000"]
[${project.name}][${env:SERVER_PORT}] 2019-07-11 16:59:23,480 INFO [Thread-41][EurekaServerBootstrap.java:184] - isAws returned false
[${project.name}][${env:SERVER_PORT}] 2019-07-11 16:59:23,480 INFO [Thread-41][EurekaServerBootstrap.java:152] - Initialized server context
[${project.name}][${env:SERVER_PORT}] 2019-07-11 16:59:23,480 INFO [Thread-41][PeerAwareInstanceRegistryImpl.java:241] - Got 1 instances from neighboring DS node
[${project.name}][${env:SERVER_PORT}] 2019-07-11 16:59:23,480 INFO [Thread-41][PeerAwareInstanceRegistryImpl.java:242] - Renew threshold is: 1
[${project.name}][${env:SERVER_PORT}] 2019-07-11 16:59:23,480 INFO [Thread-41][PeerAwareInstanceRegistryImpl.java:253] - Changing status to UP
[${project.name}][${env:SERVER_PORT}] 2019-07-11 16:59:23,512 INFO [Thread-41][EurekaServerInitializerConfiguration.java:72] - Started Eureka Server
[${project.name}][${env:SERVER_PORT}] 2019-07-11 16:59:23,605 INFO [main][TomcatWebServer.java:204] - Tomcat started on port(s): 53000 (http) with context path ''
[${project.name}][${env:SERVER_PORT}] 2019-07-11 16:59:23,605 INFO [main][EurekaAutoServiceRegistration.java:141] - Updating port to 53000
[${project.name}][${env:SERVER_PORT}] 2019-07-11 16:59:23,621 INFO [main][StartupInfoLogger.java:59] - Started DiscoveryServer in 15.218 seconds (JVM running for 17.76)
[${project.name}][${env:SERVER_PORT}] 2019-07-11 16:59:23,996 INFO [RMI TCP Connection(4)-127.0.0.1][DirectJDKLog.java:173] - Initializing Spring DispatcherServlet 'dispatcherServlet'
[${project.name}][${env:SERVER_PORT}] 2019-07-11 16:59:23,996 INFO [RMI TCP Connection(4)-127.0.0.1][FrameworkServlet.java:524] - Initializing Servlet 'dispatcherServlet'
[${project.name}][${env:SERVER_PORT}] 2019-07-11 16:59:24,012 INFO [RMI TCP Connection(4)-127.0.0.1][FrameworkServlet.java:546] - Completed initialization in 16 ms
[${project.name}][${env:SERVER_PORT}] 2019-07-11 16:59:33,481 INFO [Eureka-EvictionTimer][AbstractInstanceRegistry.java:1250] - Running the evict task with compensationTime 0ms
[${project.name}][${env:SERVER_PORT}] 2019-07-11 16:59:43,481 INFO [Eureka-EvictionTimer][AbstractInstanceRegistry.java:1250] - Running the evict task with compensationTime 0ms
[${project.name}][${env:SERVER_PORT}] 2019-07-11 16:59:53,496 INFO [Eureka-EvictionTimer][AbstractInstanceRegistry.java:1250] - Running the evict task with compensationTime 15ms
