[${project.name}][${env:SERVER_PORT}] 2019-07-11 17:00:35,019 INFO [main][SpringApplication.java:675] - No active profile set, falling back to default profiles: default
[${project.name}][${env:SERVER_PORT}] 2019-07-11 17:00:37,081 INFO [main][RepositoryConfigurationDelegate.java:244] - Multiple Spring Data modules found, entering strict repository configuration mode!
[${project.name}][${env:SERVER_PORT}] 2019-07-11 17:00:37,081 INFO [main][RepositoryConfigurationDelegate.java:126] - Bootstrapping Spring Data repositories in DEFAULT mode.
[${project.name}][${env:SERVER_PORT}] 2019-07-11 17:00:37,144 INFO [main][RepositoryConfigurationDelegate.java:182] - Finished Spring Data repository scanning in 32ms. Found 0 repository interfaces.
[${project.name}][${env:SERVER_PORT}] 2019-07-11 17:00:37,410 WARN [main][EndpointId.java:135] - Endpoint ID 'service-registry' contains invalid characters, please migrate to a valid format.
[${project.name}][${env:SERVER_PORT}] 2019-07-11 17:00:37,441 WARN [main][EndpointId.java:135] - Endpoint ID 'hystrix.stream' contains invalid characters, please migrate to a valid format.
[${project.name}][${env:SERVER_PORT}] 2019-07-11 17:00:38,019 INFO [main][GenericScope.java:294] - BeanFactory id=7a89fead-f9fa-32f7-bdcb-b6f80fd1bb85
[${project.name}][${env:SERVER_PORT}] 2019-07-11 17:00:38,472 INFO [main][PostProcessorRegistrationDelegate.java:330] - Bean 'org.springframework.cloud.autoconfigure.ConfigurationPropertiesRebinderAutoConfiguration' of type [org.springframework.cloud.autoconfigure.ConfigurationPropertiesRebinderAutoConfiguration$$EnhancerBySpringCGLIB$$f83a082d] is not eligible for getting processed by all BeanPostProcessors (for example: not eligible for auto-proxying)
[${project.name}][${env:SERVER_PORT}] 2019-07-11 17:00:39,081 INFO [main][TomcatWebServer.java:90] - Tomcat initialized with port(s): 8080 (http)
[${project.name}][${env:SERVER_PORT}] 2019-07-11 17:00:39,113 INFO [main][DirectJDKLog.java:173] - Initializing ProtocolHandler ["http-nio-8080"]
[${project.name}][${env:SERVER_PORT}] 2019-07-11 17:00:39,129 INFO [main][DirectJDKLog.java:173] - Starting service [Tomcat]
[${project.name}][${env:SERVER_PORT}] 2019-07-11 17:00:39,129 INFO [main][DirectJDKLog.java:173] - Starting Servlet engine: [Apache Tomcat/9.0.16]
[${project.name}][${env:SERVER_PORT}] 2019-07-11 17:00:39,144 INFO [main][DirectJDKLog.java:173] - The APR based Apache Tomcat Native library which allows optimal performance in production environments was not found on the java.library.path: [C:\Program Files\Java\jdk1.8.0_202\bin;C:\Windows\Sun\Java\bin;C:\Windows\system32;C:\Windows;C:\Program Files\Java\jdk1.8.0_202\bin;C:\Program Files (x86)\Common Files\Oracle\Java\javapath;C:\Windows\system32;C:\Windows;C:\Windows\System32\Wbem;C:\Windows\System32\WindowsPowerShell\v1.0\;C:\Program Files\MySQL\MySQL Server 5.5\bin;C:\Users\itheima\AppData\Local\Microsoft\WindowsApps;.]
[${project.name}][${env:SERVER_PORT}] 2019-07-11 17:00:39,441 INFO [main][DirectJDKLog.java:173] - Initializing Spring embedded WebApplicationContext
[${project.name}][${env:SERVER_PORT}] 2019-07-11 17:00:39,456 INFO [main][ServletWebServerApplicationContext.java:296] - Root WebApplicationContext: initialization completed in 4390 ms
[${project.name}][${env:SERVER_PORT}] 2019-07-11 17:00:39,691 WARN [main][URLConfigurationSource.java:121] - No URLs will be polled as dynamic configuration sources.
[${project.name}][${env:SERVER_PORT}] 2019-07-11 17:00:39,691 INFO [main][URLConfigurationSource.java:122] - To enable URLs as dynamic configuration sources, define System property archaius.configurationSource.additionalUrls or make config.properties available on classpath.
[${project.name}][${env:SERVER_PORT}] 2019-07-11 17:00:39,722 INFO [main][DynamicPropertyFactory.java:281] - DynamicPropertyFactory is initialized with configuration sources: com.netflix.config.ConcurrentCompositeConfiguration@46468f0
[${project.name}][${env:SERVER_PORT}] 2019-07-11 17:00:41,847 INFO [main][EndpointLinksResolver.java:59] - Exposing 2 endpoint(s) beneath base path '/actuator'
[${project.name}][${env:SERVER_PORT}] 2019-07-11 17:00:42,019 INFO [main][PropertySourcedRequestMappingHandlerMapping.java:69] - Mapped URL path [/v2/api-docs] onto method [public org.springframework.http.ResponseEntity<springfox.documentation.spring.web.json.Json> springfox.documentation.swagger2.web.Swagger2Controller.getDocumentation(java.lang.String,javax.servlet.http.HttpServletRequest)]
[${project.name}][${env:SERVER_PORT}] 2019-07-11 17:00:42,081 WARN [main][URLConfigurationSource.java:121] - No URLs will be polled as dynamic configuration sources.
[${project.name}][${env:SERVER_PORT}] 2019-07-11 17:00:42,081 INFO [main][URLConfigurationSource.java:122] - To enable URLs as dynamic configuration sources, define System property archaius.configurationSource.additionalUrls or make config.properties available on classpath.
[${project.name}][${env:SERVER_PORT}] 2019-07-11 17:00:42,409 INFO [main][ExecutorConfigurationSupport.java:171] - Initializing ExecutorService 'applicationTaskExecutor'
[${project.name}][${env:SERVER_PORT}] 2019-07-11 17:00:43,519 INFO [Eureka-EvictionTimer][AbstractInstanceRegistry.java:1250] - Running the evict task with compensationTime 0ms
[${project.name}][${env:SERVER_PORT}] 2019-07-11 17:00:43,738 INFO [main][InstanceInfoFactory.java:71] - Setting initial instance status as: STARTING
[${project.name}][${env:SERVER_PORT}] 2019-07-11 17:00:43,800 INFO [main][DiscoveryClient.java:349] - Initializing Eureka in region us-east-1
[${project.name}][${env:SERVER_PORT}] 2019-07-11 17:00:44,191 INFO [main][DiscoveryJerseyProvider.java:70] - Using JSON encoding codec LegacyJacksonJson
[${project.name}][${env:SERVER_PORT}] 2019-07-11 17:00:44,191 INFO [main][DiscoveryJerseyProvider.java:71] - Using JSON decoding codec LegacyJacksonJson
[${project.name}][${env:SERVER_PORT}] 2019-07-11 17:00:44,409 INFO [main][DiscoveryJerseyProvider.java:80] - Using XML encoding codec XStreamXml
[${project.name}][${env:SERVER_PORT}] 2019-07-11 17:00:44,409 INFO [main][DiscoveryJerseyProvider.java:81] - Using XML decoding codec XStreamXml
[${project.name}][${env:SERVER_PORT}] 2019-07-11 17:00:45,175 INFO [main][ConfigClusterResolver.java:43] - Resolving eureka endpoints via configuration
[${project.name}][${env:SERVER_PORT}] 2019-07-11 17:00:45,238 INFO [main][DiscoveryClient.java:958] - Disable delta property : false
[${project.name}][${env:SERVER_PORT}] 2019-07-11 17:00:45,254 INFO [main][DiscoveryClient.java:959] - Single vip registry refresh property : null
[${project.name}][${env:SERVER_PORT}] 2019-07-11 17:00:45,254 INFO [main][DiscoveryClient.java:960] - Force full registry fetch : false
[${project.name}][${env:SERVER_PORT}] 2019-07-11 17:00:45,254 INFO [main][DiscoveryClient.java:961] - Application is null : false
[${project.name}][${env:SERVER_PORT}] 2019-07-11 17:00:45,254 INFO [main][DiscoveryClient.java:962] - Registered Applications size is zero : true
[${project.name}][${env:SERVER_PORT}] 2019-07-11 17:00:45,254 INFO [main][DiscoveryClient.java:964] - Application version is -1: true
[${project.name}][${env:SERVER_PORT}] 2019-07-11 17:00:45,254 INFO [main][DiscoveryClient.java:1047] - Getting all instance registry info from the eureka server
[${project.name}][${env:SERVER_PORT}] 2019-07-11 17:00:45,691 INFO [main][DiscoveryClient.java:1056] - The response status is 200
[${project.name}][${env:SERVER_PORT}] 2019-07-11 17:00:45,691 INFO [main][DiscoveryClient.java:1270] - Starting heartbeat executor: renew interval is: 5
[${project.name}][${env:SERVER_PORT}] 2019-07-11 17:00:45,706 INFO [main][InstanceInfoReplicator.java:60] - InstanceInfoReplicator onDemand update allowed rate per min is 4
[${project.name}][${env:SERVER_PORT}] 2019-07-11 17:00:45,706 INFO [main][DiscoveryClient.java:449] - Discovery Client initialized at timestamp 1562835645706 with initial instances count: 0
[${project.name}][${env:SERVER_PORT}] 2019-07-11 17:00:45,706 INFO [main][EurekaServiceRegistry.java:42] - Registering application CONSUMER-SERVICE with eureka with status UP
[${project.name}][${env:SERVER_PORT}] 2019-07-11 17:00:45,723 INFO [main][DiscoveryClient.java:1305] - Saw local status change event StatusChangeEvent [timestamp=1562835645723, current=UP, previous=STARTING]
[${project.name}][${env:SERVER_PORT}] 2019-07-11 17:00:45,723 INFO [main][DocumentationPluginsBootstrapper.java:160] - Context refreshed
[${project.name}][${env:SERVER_PORT}] 2019-07-11 17:00:45,723 INFO [DiscoveryClient-InstanceInfoReplicator-0][DiscoveryClient.java:826] - DiscoveryClient_CONSUMER-SERVICE/consumer-service:192.168.25.128:${server.port}: registering service...
[${project.name}][${env:SERVER_PORT}] 2019-07-11 17:00:45,737 INFO [main][DocumentationPluginsBootstrapper.java:163] - Found 1 custom documentation plugin(s)
[${project.name}][${env:SERVER_PORT}] 2019-07-11 17:00:45,816 INFO [main][ApiListingReferenceScanner.java:41] - Scanning for api listing references
[${project.name}][${env:SERVER_PORT}] 2019-07-11 17:00:45,894 INFO [main][DirectJDKLog.java:173] - Starting ProtocolHandler ["http-nio-8080"]
[${project.name}][${env:SERVER_PORT}] 2019-07-11 17:00:45,973 INFO [http-nio-53000-exec-2][AbstractInstanceRegistry.java:266] - Registered instance CONSUMER-SERVICE/consumer-service:192.168.25.128:${server.port} with status UP (replication=false)
[${project.name}][${env:SERVER_PORT}] 2019-07-11 17:00:45,973 INFO [DiscoveryClient-InstanceInfoReplicator-0][DiscoveryClient.java:835] - DiscoveryClient_CONSUMER-SERVICE/consumer-service:192.168.25.128:${server.port} - registration status: 204
[${project.name}][${env:SERVER_PORT}] 2019-07-11 17:00:45,987 INFO [main][TomcatWebServer.java:204] - Tomcat started on port(s): 8080 (http) with context path '/consumer'
[${project.name}][${env:SERVER_PORT}] 2019-07-11 17:00:45,987 INFO [main][EurekaAutoServiceRegistration.java:141] - Updating port to 8080
[${project.name}][${env:SERVER_PORT}] 2019-07-11 17:00:45,987 INFO [main][StartupInfoLogger.java:59] - Started ConsumerService in 13.515 seconds (JVM running for 17.517)
[${project.name}][${env:SERVER_PORT}] 2019-07-11 17:00:46,690 INFO [RMI TCP Connection(6)-127.0.0.1][DirectJDKLog.java:173] - Initializing Spring DispatcherServlet 'dispatcherServlet'
[${project.name}][${env:SERVER_PORT}] 2019-07-11 17:00:46,690 INFO [RMI TCP Connection(6)-127.0.0.1][FrameworkServlet.java:524] - Initializing Servlet 'dispatcherServlet'
[${project.name}][${env:SERVER_PORT}] 2019-07-11 17:00:46,722 INFO [RMI TCP Connection(6)-127.0.0.1][FrameworkServlet.java:546] - Completed initialization in 32 ms
[${project.name}][${env:SERVER_PORT}] 2019-07-11 17:00:46,863 INFO [http-nio-53000-exec-3][AbstractInstanceRegistry.java:266] - Registered instance CONSUMER-SERVICE/consumer-service:192.168.25.128:${server.port} with status UP (replication=true)
[${project.name}][${env:SERVER_PORT}] 2019-07-11 17:00:47,238 INFO [RMI TCP Connection(3)-127.0.0.1][EpollProvider.java:68] - Starting without optional epoll library
[${project.name}][${env:SERVER_PORT}] 2019-07-11 17:00:47,238 INFO [RMI TCP Connection(3)-127.0.0.1][KqueueProvider.java:70] - Starting without optional kqueue library
[${project.name}][${env:SERVER_PORT}] 2019-07-11 17:00:50,707 INFO [DiscoveryClient-CacheRefreshExecutor-0][DiscoveryClient.java:958] - Disable delta property : false
[${project.name}][${env:SERVER_PORT}] 2019-07-11 17:00:50,707 INFO [DiscoveryClient-CacheRefreshExecutor-0][DiscoveryClient.java:959] - Single vip registry refresh property : null
[${project.name}][${env:SERVER_PORT}] 2019-07-11 17:00:50,707 INFO [DiscoveryClient-CacheRefreshExecutor-0][DiscoveryClient.java:960] - Force full registry fetch : false
[${project.name}][${env:SERVER_PORT}] 2019-07-11 17:00:50,707 INFO [DiscoveryClient-CacheRefreshExecutor-0][DiscoveryClient.java:961] - Application is null : false
[${project.name}][${env:SERVER_PORT}] 2019-07-11 17:00:50,707 INFO [DiscoveryClient-CacheRefreshExecutor-0][DiscoveryClient.java:962] - Registered Applications size is zero : true
[${project.name}][${env:SERVER_PORT}] 2019-07-11 17:00:50,707 INFO [DiscoveryClient-CacheRefreshExecutor-0][DiscoveryClient.java:964] - Application version is -1: false
[${project.name}][${env:SERVER_PORT}] 2019-07-11 17:00:50,707 INFO [DiscoveryClient-CacheRefreshExecutor-0][DiscoveryClient.java:1047] - Getting all instance registry info from the eureka server
[${project.name}][${env:SERVER_PORT}] 2019-07-11 17:00:50,816 INFO [DiscoveryClient-CacheRefreshExecutor-0][DiscoveryClient.java:1056] - The response status is 200
[${project.name}][${env:SERVER_PORT}] 2019-07-11 17:00:53,520 INFO [Eureka-EvictionTimer][AbstractInstanceRegistry.java:1250] - Running the evict task with compensationTime 0ms
[${project.name}][${env:SERVER_PORT}] 2019-07-11 17:01:03,535 INFO [Eureka-EvictionTimer][AbstractInstanceRegistry.java:1250] - Running the evict task with compensationTime 15ms
[${project.name}][${env:SERVER_PORT}] 2019-07-11 17:01:13,535 INFO [Eureka-EvictionTimer][AbstractInstanceRegistry.java:1250] - Running the evict task with compensationTime 0ms
[${project.name}][${env:SERVER_PORT}] 2019-07-11 17:01:23,550 INFO [Eureka-EvictionTimer][AbstractInstanceRegistry.java:1250] - Running the evict task with compensationTime 15ms
[${project.name}][${env:SERVER_PORT}] 2019-07-11 17:01:33,566 INFO [Eureka-EvictionTimer][AbstractInstanceRegistry.java:1250] - Running the evict task with compensationTime 15ms
[${project.name}][${env:SERVER_PORT}] 2019-07-11 17:01:43,566 INFO [Eureka-EvictionTimer][AbstractInstanceRegistry.java:1250] - Running the evict task with compensationTime 0ms
[${project.name}][${env:SERVER_PORT}] 2019-07-11 17:01:53,582 INFO [Eureka-EvictionTimer][AbstractInstanceRegistry.java:1250] - Running the evict task with compensationTime 15ms
[${project.name}][${env:SERVER_PORT}] 2019-07-11 17:02:03,598 INFO [Eureka-EvictionTimer][AbstractInstanceRegistry.java:1250] - Running the evict task with compensationTime 17ms
[${project.name}][${env:SERVER_PORT}] 2019-07-11 17:02:13,613 INFO [Eureka-EvictionTimer][AbstractInstanceRegistry.java:1250] - Running the evict task with compensationTime 14ms
[${project.name}][${env:SERVER_PORT}] 2019-07-11 17:02:23,613 INFO [Eureka-EvictionTimer][AbstractInstanceRegistry.java:1250] - Running the evict task with compensationTime 0ms
[${project.name}][${env:SERVER_PORT}] 2019-07-11 17:02:33,629 INFO [Eureka-EvictionTimer][AbstractInstanceRegistry.java:1250] - Running the evict task with compensationTime 15ms
[${project.name}][${env:SERVER_PORT}] 2019-07-11 17:02:43,629 INFO [Eureka-EvictionTimer][AbstractInstanceRegistry.java:1250] - Running the evict task with compensationTime 0ms
[${project.name}][${env:SERVER_PORT}] 2019-07-11 17:02:53,645 INFO [Eureka-EvictionTimer][AbstractInstanceRegistry.java:1250] - Running the evict task with compensationTime 15ms
[${project.name}][${env:SERVER_PORT}] 2019-07-11 17:03:03,660 INFO [Eureka-EvictionTimer][AbstractInstanceRegistry.java:1250] - Running the evict task with compensationTime 15ms
[${project.name}][${env:SERVER_PORT}] 2019-07-11 17:03:13,660 INFO [Eureka-EvictionTimer][AbstractInstanceRegistry.java:1250] - Running the evict task with compensationTime 0ms
[${project.name}][${env:SERVER_PORT}] 2019-07-11 17:03:23,676 INFO [Eureka-EvictionTimer][AbstractInstanceRegistry.java:1250] - Running the evict task with compensationTime 15ms
[${project.name}][${env:SERVER_PORT}] 2019-07-11 17:03:33,691 INFO [Eureka-EvictionTimer][AbstractInstanceRegistry.java:1250] - Running the evict task with compensationTime 15ms
[${project.name}][${env:SERVER_PORT}] 2019-07-11 17:03:43,704 INFO [Eureka-EvictionTimer][AbstractInstanceRegistry.java:1250] - Running the evict task with compensationTime 20ms
[${project.name}][${env:SERVER_PORT}] 2019-07-11 17:03:53,704 INFO [Eureka-EvictionTimer][AbstractInstanceRegistry.java:1250] - Running the evict task with compensationTime 0ms
[${project.name}][${env:SERVER_PORT}] 2019-07-11 17:04:03,704 INFO [Eureka-EvictionTimer][AbstractInstanceRegistry.java:1250] - Running the evict task with compensationTime 0ms
[${project.name}][${env:SERVER_PORT}] 2019-07-11 17:04:13,719 INFO [Eureka-EvictionTimer][AbstractInstanceRegistry.java:1250] - Running the evict task with compensationTime 15ms
[${project.name}][${env:SERVER_PORT}] 2019-07-11 17:04:23,735 INFO [Eureka-EvictionTimer][AbstractInstanceRegistry.java:1250] - Running the evict task with compensationTime 15ms
[${project.name}][${env:SERVER_PORT}] 2019-07-11 17:04:33,751 INFO [Eureka-EvictionTimer][AbstractInstanceRegistry.java:1250] - Running the evict task with compensationTime 15ms
[${project.name}][${env:SERVER_PORT}] 2019-07-11 17:04:43,767 INFO [Eureka-EvictionTimer][AbstractInstanceRegistry.java:1250] - Running the evict task with compensationTime 16ms
[${project.name}][${env:SERVER_PORT}] 2019-07-11 17:04:53,767 INFO [Eureka-EvictionTimer][AbstractInstanceRegistry.java:1250] - Running the evict task with compensationTime 0ms
[${project.name}][${env:SERVER_PORT}] 2019-07-11 17:05:03,767 INFO [Eureka-EvictionTimer][AbstractInstanceRegistry.java:1250] - Running the evict task with compensationTime 0ms
[${project.name}][${env:SERVER_PORT}] 2019-07-11 17:05:13,783 INFO [Eureka-EvictionTimer][AbstractInstanceRegistry.java:1250] - Running the evict task with compensationTime 15ms
[${project.name}][${env:SERVER_PORT}] 2019-07-11 17:05:23,798 INFO [Eureka-EvictionTimer][AbstractInstanceRegistry.java:1250] - Running the evict task with compensationTime 17ms
[${project.name}][${env:SERVER_PORT}] 2019-07-11 17:05:33,798 INFO [Eureka-EvictionTimer][AbstractInstanceRegistry.java:1250] - Running the evict task with compensationTime 0ms
[${project.name}][${env:SERVER_PORT}] 2019-07-11 17:05:43,802 INFO [Eureka-EvictionTimer][AbstractInstanceRegistry.java:1250] - Running the evict task with compensationTime 4ms
